2026-04-05T21:49:00.772-0400 [DEBUG] [org.gradle.launcher.daemon.bootstrap.DaemonMain] Assuming the daemon was started with following jvm opts: [--add-opens=java.base/java.util=ALL-UNNAMED, --add-opens=java.base/java.lang=ALL-UNNAMED, --add-opens=java.base/java.lang.invoke=ALL-UNNAMED, --add-opens=java.prefs/java.util.prefs=ALL-UNNAMED, --add-exports=jdk.compiler/com.sun.tools.javac.api=ALL-UNNAMED, --add-exports=jdk.compiler/com.sun.tools.javac.util=ALL-UNNAMED, --add-opens=java.base/java.nio.charset=ALL-UNNAMED, --add-opens=java.base/java.net=ALL-UNNAMED, --add-opens=java.base/java.util.concurrent.atomic=ALL-UNNAMED, -XX:MaxMetaspaceSize=384m, -XX:+HeapDumpOnOutOfMemoryError, -Xms256m, -Xmx512m, -Dfile.encoding=UTF-8, -Duser.country=US, -Duser.language=en, -Duser.variant]
2026-04-05T21:49:01.017-0400 [INFO] [org.gradle.launcher.daemon.server.Daemon] start() called on daemon - DefaultDaemonContext[uid=09bdccc4-3208-49e2-b258-3d619cc20595,javaHome=/usr/lib/jvm/java-21-openjdk-amd64,javaVersion=21,javaVendor=Ubuntu,daemonRegistryDir=/home/cs_apond003/cs350/lab4-documentation-AmberBP1/.gradle-temp/daemon,pid=1943583,idleTimeout=120000,priority=NORMAL,applyInstrumentationAgent=true,nativeServicesMode=ENABLED,daemonOpts=--add-opens=java.base/java.util=ALL-UNNAMED,--add-opens=java.base/java.lang=ALL-UNNAMED,--add-opens=java.base/java.lang.invoke=ALL-UNNAMED,--add-opens=java.prefs/java.util.prefs=ALL-UNNAMED,--add-exports=jdk.compiler/com.sun.tools.javac.api=ALL-UNNAMED,--add-exports=jdk.compiler/com.sun.tools.javac.util=ALL-UNNAMED,--add-opens=java.base/java.nio.charset=ALL-UNNAMED,--add-opens=java.base/java.net=ALL-UNNAMED,--add-opens=java.base/java.util.concurrent.atomic=ALL-UNNAMED,-XX:MaxMetaspaceSize=384m,-XX:+HeapDumpOnOutOfMemoryError,-Xms256m,-Xmx512m,-Dfile.encoding=UTF-8,-Duser.country=US,-Duser.language=en,-Duser.variant]
2026-04-05T21:49:01.061-0400 [DEBUG] [org.gradle.internal.remote.internal.inet.InetAddresses] Adding IP addresses for network interface ens18
2026-04-05T21:49:01.063-0400 [DEBUG] [org.gradle.internal.remote.internal.inet.InetAddresses] Is this a loopback interface? false
2026-04-05T21:49:01.064-0400 [DEBUG] [org.gradle.internal.remote.internal.inet.InetAddresses] Adding remote address /fe80:0:0:0:be24:11ff:fe60:440e%ens18
2026-04-05T21:49:01.066-0400 [DEBUG] [org.gradle.internal.remote.internal.inet.InetAddresses] Adding remote address /172.18.8.169
2026-04-05T21:49:01.067-0400 [DEBUG] [org.gradle.internal.remote.internal.inet.InetAddresses] Adding IP addresses for network interface lo
2026-04-05T21:49:01.069-0400 [DEBUG] [org.gradle.internal.remote.internal.inet.InetAddresses] Is this a loopback interface? true
2026-04-05T21:49:01.070-0400 [DEBUG] [org.gradle.internal.remote.internal.inet.InetAddresses] Adding loopback address /0:0:0:0:0:0:0:1%lo
2026-04-05T21:49:01.071-0400 [DEBUG] [org.gradle.internal.remote.internal.inet.InetAddresses] Adding loopback address /127.0.0.1
2026-04-05T21:49:01.075-0400 [DEBUG] [org.gradle.internal.remote.internal.inet.TcpIncomingConnector] Listening on [f6d8abe6-59a7-4a11-903e-ec5ac6d836a2 port:39075, addresses:[localhost/127.0.0.1]].
2026-04-05T21:49:01.085-0400 [DEBUG] [org.gradle.launcher.daemon.server.Daemon] Daemon starting at: Sun Apr 05 21:49:01 EDT 2026, with address: [f6d8abe6-59a7-4a11-903e-ec5ac6d836a2 port:39075, addresses:[localhost/127.0.0.1]]
2026-04-05T21:49:01.087-0400 [INFO] [org.gradle.launcher.daemon.server.DaemonRegistryUpdater] Advertising the daemon address to the clients: [f6d8abe6-59a7-4a11-903e-ec5ac6d836a2 port:39075, addresses:[localhost/127.0.0.1]]
2026-04-05T21:49:01.088-0400 [DEBUG] [org.gradle.launcher.daemon.server.DaemonRegistryUpdater] Advertised daemon context: DefaultDaemonContext[uid=09bdccc4-3208-49e2-b258-3d619cc20595,javaHome=/usr/lib/jvm/java-21-openjdk-amd64,javaVersion=21,javaVendor=Ubuntu,daemonRegistryDir=/home/cs_apond003/cs350/lab4-documentation-AmberBP1/.gradle-temp/daemon,pid=1943583,idleTimeout=120000,priority=NORMAL,applyInstrumentationAgent=true,nativeServicesMode=ENABLED,daemonOpts=--add-opens=java.base/java.util=ALL-UNNAMED,--add-opens=java.base/java.lang=ALL-UNNAMED,--add-opens=java.base/java.lang.invoke=ALL-UNNAMED,--add-opens=java.prefs/java.util.prefs=ALL-UNNAMED,--add-exports=jdk.compiler/com.sun.tools.javac.api=ALL-UNNAMED,--add-exports=jdk.compiler/com.sun.tools.javac.util=ALL-UNNAMED,--add-opens=java.base/java.nio.charset=ALL-UNNAMED,--add-opens=java.base/java.net=ALL-UNNAMED,--add-opens=java.base/java.util.concurrent.atomic=ALL-UNNAMED,-XX:MaxMetaspaceSize=384m,-XX:+HeapDumpOnOutOfMemoryError,-Xms256m,-Xmx512m,-Dfile.encoding=UTF-8,-Duser.country=US,-Duser.language=en,-Duser.variant]
2026-04-05T21:49:01.091-0400 [DEBUG] [org.gradle.launcher.daemon.registry.PersistentDaemonRegistry] Storing daemon address: [f6d8abe6-59a7-4a11-903e-ec5ac6d836a2 port:39075, addresses:[localhost/127.0.0.1]], context: DefaultDaemonContext[uid=09bdccc4-3208-49e2-b258-3d619cc20595,javaHome=/usr/lib/jvm/java-21-openjdk-amd64,javaVersion=21,javaVendor=Ubuntu,daemonRegistryDir=/home/cs_apond003/cs350/lab4-documentation-AmberBP1/.gradle-temp/daemon,pid=1943583,idleTimeout=120000,priority=NORMAL,applyInstrumentationAgent=true,nativeServicesMode=ENABLED,daemonOpts=--add-opens=java.base/java.util=ALL-UNNAMED,--add-opens=java.base/java.lang=ALL-UNNAMED,--add-opens=java.base/java.lang.invoke=ALL-UNNAMED,--add-opens=java.prefs/java.util.prefs=ALL-UNNAMED,--add-exports=jdk.compiler/com.sun.tools.javac.api=ALL-UNNAMED,--add-exports=jdk.compiler/com.sun.tools.javac.util=ALL-UNNAMED,--add-opens=java.base/java.nio.charset=ALL-UNNAMED,--add-opens=java.base/java.net=ALL-UNNAMED,--add-opens=java.base/java.util.concurrent.atomic=ALL-UNNAMED,-XX:MaxMetaspaceSize=384m,-XX:+HeapDumpOnOutOfMemoryError,-Xms256m,-Xmx512m,-Dfile.encoding=UTF-8,-Duser.country=US,-Duser.language=en,-Duser.variant]
2026-04-05T21:49:01.111-0400 [DEBUG] [org.gradle.cache.internal.DefaultFileLockManager] Waiting to acquire exclusive lock on daemon addresses registry.
2026-04-05T21:49:01.119-0400 [DEBUG] [org.gradle.cache.internal.DefaultFileLockManager] Lock acquired on daemon addresses registry.
2026-04-05T21:49:01.129-0400 [DEBUG] [org.gradle.cache.internal.DefaultFileLockManager] Releasing lock on daemon addresses registry.
2026-04-05T21:49:01.132-0400 [LIFECYCLE] [org.gradle.launcher.daemon.server.Daemon] Daemon server started.
2026-04-05T21:49:01.134-0400 [DEBUG] [org.gradle.launcher.daemon.bootstrap.DaemonStartupCommunication] Completed writing the daemon greeting. Closing streams...
2026-04-05T21:49:01.146-0400 [DEBUG] [org.gradle.launcher.daemon.server.Daemon] stopOnExpiration() called on daemon
2026-04-05T21:49:01.148-0400 [DEBUG] [org.gradle.launcher.daemon.server.Daemon] awaitExpiration() called on daemon
2026-04-05T21:49:01.150-0400 [DEBUG] [org.gradle.launcher.daemon.server.DaemonStateCoordinator] daemon is running. Sleeping until state changes.
2026-04-05T21:49:01.190-0400 [DEBUG] [org.gradle.internal.remote.internal.inet.TcpIncomingConnector] Accepted connection from /127.0.0.1:50276 to /127.0.0.1:39075.
2026-04-05T21:49:01.255-0400 [DEBUG] [org.gradle.launcher.daemon.server.SynchronizedDispatchConnection] thread 46: received class org.gradle.launcher.daemon.protocol.Build
2026-04-05T21:49:01.257-0400 [DEBUG] [org.gradle.launcher.daemon.server.DefaultDaemonConnection] thread 46: Received non-IO message from client: Build{id=79509503-005d-4014-9495-5f7056c38ce8, currentDir=/home/cs_apond003/cs350/lab4-documentation-AmberBP1}
2026-04-05T21:49:01.258-0400 [INFO] [org.gradle.launcher.daemon.server.DefaultIncomingConnectionHandler] Received command: Build{id=79509503-005d-4014-9495-5f7056c38ce8, currentDir=/home/cs_apond003/cs350/lab4-documentation-AmberBP1}.
2026-04-05T21:49:01.259-0400 [DEBUG] [org.gradle.launcher.daemon.server.DefaultIncomingConnectionHandler] Starting executing command: Build{id=79509503-005d-4014-9495-5f7056c38ce8, currentDir=/home/cs_apond003/cs350/lab4-documentation-AmberBP1} with connection: socket connection from /127.0.0.1:39075 to /127.0.0.1:50276.
2026-04-05T21:49:01.265-0400 [DEBUG] [org.gradle.launcher.daemon.server.DaemonStateCoordinator] Command execution: started DaemonCommandExecution[command = Build{id=79509503-005d-4014-9495-5f7056c38ce8, currentDir=/home/cs_apond003/cs350/lab4-documentation-AmberBP1}, connection = DefaultDaemonConnection: socket connection from /127.0.0.1:39075 to /127.0.0.1:50276] after 0.0035833333333333333 minutes of idle
2026-04-05T21:49:01.266-0400 [INFO] [org.gradle.launcher.daemon.server.DaemonRegistryUpdater] Marking the daemon as busy, address: [f6d8abe6-59a7-4a11-903e-ec5ac6d836a2 port:39075, addresses:[localhost/127.0.0.1]]
2026-04-05T21:49:01.267-0400 [DEBUG] [org.gradle.launcher.daemon.registry.PersistentDaemonRegistry] Marking busy by address: [f6d8abe6-59a7-4a11-903e-ec5ac6d836a2 port:39075, addresses:[localhost/127.0.0.1]]
2026-04-05T21:49:01.269-0400 [DEBUG] [org.gradle.cache.internal.DefaultFileLockManager] Waiting to acquire exclusive lock on daemon addresses registry.
2026-04-05T21:49:01.273-0400 [DEBUG] [org.gradle.cache.internal.DefaultFileLockManager] Lock acquired on daemon addresses registry.
2026-04-05T21:49:01.278-0400 [DEBUG] [org.gradle.cache.internal.DefaultFileLockManager] Releasing lock on daemon addresses registry.
2026-04-05T21:49:01.280-0400 [DEBUG] [org.gradle.launcher.daemon.server.DaemonStateCoordinator] resetting idle timer
2026-04-05T21:49:01.281-0400 [DEBUG] [org.gradle.launcher.daemon.server.DaemonStateCoordinator] daemon is running. Sleeping until state changes.
2026-04-05T21:49:01.283-0400 [INFO] [org.gradle.launcher.daemon.server.exec.StartBuildOrRespondWithBusy] Daemon is about to start building Build{id=79509503-005d-4014-9495-5f7056c38ce8, currentDir=/home/cs_apond003/cs350/lab4-documentation-AmberBP1}. Dispatching build started information...
2026-04-05T21:49:01.283-0400 [DEBUG] [org.gradle.launcher.daemon.server.SynchronizedDispatchConnection] thread 48: dispatching org.gradle.launcher.daemon.protocol.BuildStarted@2ad55e1b
2026-04-05T21:49:01.286-0400 [DEBUG] [org.gradle.launcher.daemon.server.exec.EstablishBuildEnvironment] Configuring env variables: [PATH, BROWSER, LESSCLOSE, XDG_DATA_DIRS, TERM, MOTD_SHOWN, LANG, DBUS_SESSION_BUS_ADDRESS, VSCODE_GIT_IPC_HANDLE, XDG_SESSION_ID, VSCODE_PYTHON_AUTOACTIVATE_GUARD, XDG_SESSION_TYPE, VSCODE_GIT_ASKPASS_MAIN, GRADLE_USER_HOME, COLORTERM, VSCODE_IPC_HOOK_CLI, VSCODE_GIT_ASKPASS_EXTRA_ARGS, LOGNAME, VSCODE_GIT_ASKPASS_NODE, TERM_PROGRAM_VERSION, PWD, GIT_ASKPASS, HISTTIMEFORMAT, XDG_SESSION_CLASS, _, SHELL, LESSOPEN, TERM_PROGRAM, VSCODE_JDWP_ADAPTER_ENDPOINTS, SSH_CLIENT, OLDPWD, USER, SSH_CONNECTION, LS_COLORS, XDG_RUNTIME_DIR, SHLVL, HOME, VSCODE_JAVA_EXEC]
2026-04-05T21:49:01.293-0400 [DEBUG] [org.gradle.launcher.daemon.server.exec.LogToClient] About to start relaying all logs to the client via the connection.
2026-04-05T21:49:01.294-0400 [INFO] [org.gradle.launcher.daemon.server.exec.LogToClient] The client will now receive all logging from the daemon (pid: 1943583). The daemon log file: /home/cs_apond003/cs350/lab4-documentation-AmberBP1/.gradle-temp/daemon/8.10/daemon-1943583.out.log
2026-04-05T21:49:01.297-0400 [DEBUG] [org.gradle.launcher.daemon.server.exec.RequestStopIfSingleUsedDaemon] Requesting daemon stop after processing Build{id=79509503-005d-4014-9495-5f7056c38ce8, currentDir=/home/cs_apond003/cs350/lab4-documentation-AmberBP1}
2026-04-05T21:49:01.298-0400 [LIFECYCLE] [org.gradle.launcher.daemon.server.DaemonStateCoordinator] Daemon will be stopped at the end of the build 
2026-04-05T21:49:01.299-0400 [DEBUG] [org.gradle.launcher.daemon.server.DaemonStateCoordinator] Stop as soon as idle requested. The daemon is busy
2026-04-05T21:49:01.300-0400 [DEBUG] [org.gradle.launcher.daemon.server.DaemonStateCoordinator] daemon stop has been requested. Sleeping until state changes.
2026-04-05T21:49:01.301-0400 [DEBUG] [org.gradle.launcher.daemon.server.exec.ExecuteBuild] The daemon has started executing the build.
2026-04-05T21:49:01.302-0400 [DEBUG] [org.gradle.launcher.daemon.server.exec.ExecuteBuild] Executing build with daemon context: DefaultDaemonContext[uid=09bdccc4-3208-49e2-b258-3d619cc20595,javaHome=/usr/lib/jvm/java-21-openjdk-amd64,javaVersion=21,javaVendor=Ubuntu,daemonRegistryDir=/home/cs_apond003/cs350/lab4-documentation-AmberBP1/.gradle-temp/daemon,pid=1943583,idleTimeout=120000,priority=NORMAL,applyInstrumentationAgent=true,nativeServicesMode=ENABLED,daemonOpts=--add-opens=java.base/java.util=ALL-UNNAMED,--add-opens=java.base/java.lang=ALL-UNNAMED,--add-opens=java.base/java.lang.invoke=ALL-UNNAMED,--add-opens=java.prefs/java.util.prefs=ALL-UNNAMED,--add-exports=jdk.compiler/com.sun.tools.javac.api=ALL-UNNAMED,--add-exports=jdk.compiler/com.sun.tools.javac.util=ALL-UNNAMED,--add-opens=java.base/java.nio.charset=ALL-UNNAMED,--add-opens=java.base/java.net=ALL-UNNAMED,--add-opens=java.base/java.util.concurrent.atomic=ALL-UNNAMED,-XX:MaxMetaspaceSize=384m,-XX:+HeapDumpOnOutOfMemoryError,-Xms256m,-Xmx512m,-Dfile.encoding=UTF-8,-Duser.country=US,-Duser.language=en,-Duser.variant]

BUILD SUCCESSFUL in 10s
7 actionable tasks: 7 up-to-date
2026-04-05T21:49:08.231-0400 [DEBUG] [org.gradle.launcher.daemon.server.exec.ExecuteBuild] The daemon has finished executing the build.
2026-04-05T21:49:08.237-0400 [DEBUG] [org.gradle.launcher.daemon.server.DaemonStateCoordinator] daemon stop has been requested. Sleeping until state changes.
2026-04-05T21:49:08.238-0400 [DEBUG] [org.gradle.launcher.daemon.server.DaemonStateCoordinator] Command execution: finished waiting for DaemonCommandExecution[command = Build{id=79509503-005d-4014-9495-5f7056c38ce8, currentDir=/home/cs_apond003/cs350/lab4-documentation-AmberBP1}, connection = DefaultDaemonConnection: socket connection from /127.0.0.1:39075 to /127.0.0.1:50276]. Result org.gradle.launcher.daemon.server.DaemonStateCoordinator@5e15a997 with state StopRequested
2026-04-05T21:49:08.239-0400 [DEBUG] [org.gradle.launcher.daemon.server.DaemonStateCoordinator] Command execution: completed DaemonCommandExecution[command = Build{id=79509503-005d-4014-9495-5f7056c38ce8, currentDir=/home/cs_apond003/cs350/lab4-documentation-AmberBP1}, connection = DefaultDaemonConnection: socket connection from /127.0.0.1:39075 to /127.0.0.1:50276]
2026-04-05T21:49:08.240-0400 [DEBUG] [org.gradle.launcher.daemon.server.DaemonStateCoordinator] resetting idle timer
2026-04-05T21:49:08.241-0400 [DEBUG] [org.gradle.launcher.daemon.server.DaemonStateCoordinator] Marking daemon stopped due to command completed and stop requested. The daemon is not running a build
2026-04-05T21:49:08.241-0400 [DEBUG] [org.gradle.launcher.daemon.server.DaemonStateCoordinator] daemon has stopped.
2026-04-05T21:49:08.242-0400 [DEBUG] [org.gradle.launcher.daemon.server.exec.ReturnResult] Daemon is dispatching the build result: Success[value=org.gradle.launcher.exec.BuildActionResult@90c625f]
2026-04-05T21:49:08.243-0400 [DEBUG] [org.gradle.launcher.daemon.server.Daemon] stop() called on daemon
2026-04-05T21:49:08.243-0400 [DEBUG] [org.gradle.launcher.daemon.server.SynchronizedDispatchConnection] thread 45: dispatching Success[value=org.gradle.launcher.exec.BuildActionResult@90c625f]
2026-04-05T21:49:08.243-0400 [INFO] [org.gradle.launcher.daemon.server.Daemon] Stop requested. Daemon is removing its presence from the registry...
2026-04-05T21:49:08.245-0400 [DEBUG] [org.gradle.launcher.daemon.server.DaemonRegistryUpdater] Removing our presence to clients, eg. removing this address from the registry: [f6d8abe6-59a7-4a11-903e-ec5ac6d836a2 port:39075, addresses:[localhost/127.0.0.1]]
2026-04-05T21:49:08.246-0400 [DEBUG] [org.gradle.launcher.daemon.server.exec.CleanUpVirtualFileSystemAfterBuild] Cleaning virtual file system after build finished
2026-04-05T21:49:08.246-0400 [DEBUG] [org.gradle.launcher.daemon.server.DefaultIncomingConnectionHandler] Finishing executing command: Build{id=79509503-005d-4014-9495-5f7056c38ce8, currentDir=/home/cs_apond003/cs350/lab4-documentation-AmberBP1}
2026-04-05T21:49:08.246-0400 [DEBUG] [org.gradle.launcher.daemon.server.SynchronizedDispatchConnection] thread 46: received class org.gradle.launcher.daemon.protocol.CloseInput
2026-04-05T21:49:08.246-0400 [DEBUG] [org.gradle.launcher.daemon.registry.PersistentDaemonRegistry] Removing daemon address: [f6d8abe6-59a7-4a11-903e-ec5ac6d836a2 port:39075, addresses:[localhost/127.0.0.1]]
2026-04-05T21:49:08.249-0400 [DEBUG] [org.gradle.launcher.daemon.server.DefaultDaemonConnection] thread 46: Received IO message from client: org.gradle.launcher.daemon.protocol.CloseInput@565cc143
2026-04-05T21:49:08.251-0400 [DEBUG] [org.gradle.launcher.daemon.server.SynchronizedDispatchConnection] thread 46: received class org.gradle.launcher.daemon.protocol.Finished
2026-04-05T21:49:08.252-0400 [DEBUG] [org.gradle.launcher.daemon.server.DefaultDaemonConnection] thread 46: Received non-IO message from client: org.gradle.launcher.daemon.protocol.Finished@72fb94ab
2026-04-05T21:49:08.252-0400 [DEBUG] [org.gradle.cache.internal.DefaultFileLockManager] Waiting to acquire exclusive lock on daemon addresses registry.
2026-04-05T21:49:08.252-0400 [DEBUG] [org.gradle.launcher.daemon.server.DefaultIncomingConnectionHandler] Received finished message: org.gradle.launcher.daemon.protocol.Finished@72fb94ab
2026-04-05T21:49:08.253-0400 [DEBUG] [org.gradle.launcher.daemon.server.SynchronizedDispatchConnection] thread 45: stopping connection
2026-04-05T21:49:08.255-0400 [DEBUG] [org.gradle.internal.remote.internal.inet.SocketConnection] Discarding EOFException: java.io.EOFException
2026-04-05T21:49:08.255-0400 [DEBUG] [org.gradle.cache.internal.DefaultFileLockManager] Lock acquired on daemon addresses registry.
2026-04-05T21:49:08.255-0400 [DEBUG] [org.gradle.launcher.daemon.server.SynchronizedDispatchConnection] thread 46: received null
2026-04-05T21:49:08.257-0400 [DEBUG] [org.gradle.launcher.daemon.server.DefaultDaemonConnection] thread 46: Received end-of-input from client.
2026-04-05T21:49:08.257-0400 [DEBUG] [org.gradle.launcher.daemon.server.SynchronizedDispatchConnection] thread 45: stopping connection
2026-04-05T21:49:08.259-0400 [DEBUG] [org.gradle.cache.internal.DefaultFileLockManager] Releasing lock on daemon addresses registry.
2026-04-05T21:49:08.261-0400 [DEBUG] [org.gradle.launcher.daemon.server.DaemonRegistryUpdater] Address removed from registry.
2026-04-05T21:49:08.263-0400 [DEBUG] [org.gradle.cache.internal.LockOnDemandCrossProcessCacheAccess] Releasing file lock for jars (/home/cs_apond003/cs350/lab4-documentation-AmberBP1/.gradle-temp/caches/jars-9)
2026-04-05T21:49:08.263-0400 [DEBUG] [org.gradle.cache.internal.DefaultFileLockManager] Releasing lock on jars (/home/cs_apond003/cs350/lab4-documentation-AmberBP1/.gradle-temp/caches/jars-9).
2026-04-05T21:49:08.266-0400 [DEBUG] [org.gradle.cache.internal.DefaultCacheCleanupExecutor] jars (/home/cs_apond003/cs350/lab4-documentation-AmberBP1/.gradle-temp/caches/jars-9) has last been fully cleaned up 0 hours ago
2026-04-05T21:49:08.266-0400 [DEBUG] [org.gradle.cache.internal.DefaultCacheCleanupExecutor] Skipping cleanup for jars (/home/cs_apond003/cs350/lab4-documentation-AmberBP1/.gradle-temp/caches/jars-9) as it is not yet due
2026-04-05T21:49:08.267-0400 [DEBUG] [org.gradle.cache.internal.LockOnDemandCrossProcessCacheAccess] Releasing file lock for file content cache (/home/cs_apond003/cs350/lab4-documentation-AmberBP1/.gradle-temp/caches/8.10/fileContent)
2026-04-05T21:49:08.268-0400 [DEBUG] [org.gradle.cache.internal.DefaultFileLockManager] Releasing lock on file content cache (/home/cs_apond003/cs350/lab4-documentation-AmberBP1/.gradle-temp/caches/8.10/fileContent).
2026-04-05T21:49:08.270-0400 [DEBUG] [org.gradle.internal.watch.vfs.impl.WatchingVirtualFileSystem] Closing VFS, dropping state
2026-04-05T21:49:08.272-0400 [DEBUG] [org.gradle.cache.internal.DefaultCacheCoordinator] Cache Generated Gradle JARs cache (/home/cs_apond003/cs350/lab4-documentation-AmberBP1/.gradle-temp/caches/8.10/generated-gradle-jars) was closed 0 times.
2026-04-05T21:49:08.272-0400 [DEBUG] [org.gradle.internal.watch.registry.impl.DefaultFileWatcherRegistry] Finished listening to file system change events
2026-04-05T21:49:08.272-0400 [DEBUG] [org.gradle.cache.internal.LockOnDemandCrossProcessCacheAccess] Releasing file lock for artifact cache (/home/cs_apond003/cs350/lab4-documentation-AmberBP1/.gradle-temp/caches/modules-2)
2026-04-05T21:49:08.274-0400 [DEBUG] [org.gradle.cache.internal.btree.BTreePersistentIndexedCache] Closing cache module-artifact.bin (/home/cs_apond003/cs350/lab4-documentation-AmberBP1/.gradle-temp/caches/modules-2/metadata-2.106/module-artifact.bin)
2026-04-05T21:49:08.274-0400 [DEBUG] [org.gradle.cache.internal.btree.BTreePersistentIndexedCache] Closing cache module-metadata.bin (/home/cs_apond003/cs350/lab4-documentation-AmberBP1/.gradle-temp/caches/modules-2/metadata-2.106/module-metadata.bin)
2026-04-05T21:49:08.275-0400 [DEBUG] [org.gradle.cache.internal.DefaultFileLockManager] Releasing lock on artifact cache (/home/cs_apond003/cs350/lab4-documentation-AmberBP1/.gradle-temp/caches/modules-2).
2026-04-05T21:49:08.278-0400 [DEBUG] [org.gradle.cache.internal.DefaultCacheCleanupExecutor] artifact cache (/home/cs_apond003/cs350/lab4-documentation-AmberBP1/.gradle-temp/caches/modules-2) has last been fully cleaned up 0 hours ago
2026-04-05T21:49:08.278-0400 [DEBUG] [org.gradle.cache.internal.DefaultCacheCleanupExecutor] Skipping cleanup for artifact cache (/home/cs_apond003/cs350/lab4-documentation-AmberBP1/.gradle-temp/caches/modules-2) as it is not yet due
2026-04-05T21:49:08.279-0400 [DEBUG] [org.gradle.cache.internal.DefaultCacheCleanupExecutor] groovy-dsl (/home/cs_apond003/cs350/lab4-documentation-AmberBP1/.gradle-temp/caches/8.10/groovy-dsl) has last been fully cleaned up 0 hours ago
2026-04-05T21:49:08.279-0400 [DEBUG] [org.gradle.cache.internal.DefaultCacheCleanupExecutor] Skipping cleanup for groovy-dsl (/home/cs_apond003/cs350/lab4-documentation-AmberBP1/.gradle-temp/caches/8.10/groovy-dsl) as it is not yet due
2026-04-05T21:49:08.280-0400 [DEBUG] [org.gradle.cache.internal.DefaultCacheCoordinator] Cache groovy-dsl (/home/cs_apond003/cs350/lab4-documentation-AmberBP1/.gradle-temp/caches/8.10/groovy-dsl) was closed 0 times.
2026-04-05T21:49:08.281-0400 [DEBUG] [org.gradle.cache.internal.DefaultCacheCleanupExecutor] Artifact transforms cache (/home/cs_apond003/cs350/lab4-documentation-AmberBP1/.gradle-temp/caches/8.10/transforms) has last been fully cleaned up 0 hours ago
2026-04-05T21:49:08.282-0400 [DEBUG] [org.gradle.cache.internal.DefaultCacheCleanupExecutor] Skipping cleanup for Artifact transforms cache (/home/cs_apond003/cs350/lab4-documentation-AmberBP1/.gradle-temp/caches/8.10/transforms) as it is not yet due
2026-04-05T21:49:08.283-0400 [DEBUG] [org.gradle.cache.internal.DefaultCacheCoordinator] Cache Artifact transforms cache (/home/cs_apond003/cs350/lab4-documentation-AmberBP1/.gradle-temp/caches/8.10/transforms) was closed 0 times.
2026-04-05T21:49:08.283-0400 [DEBUG] [org.gradle.cache.internal.LockOnDemandCrossProcessCacheAccess] Releasing file lock for journal cache (/home/cs_apond003/cs350/lab4-documentation-AmberBP1/.gradle-temp/caches/journal-1)
2026-04-05T21:49:08.284-0400 [DEBUG] [org.gradle.cache.internal.btree.BTreePersistentIndexedCache] Closing cache file-access.bin (/home/cs_apond003/cs350/lab4-documentation-AmberBP1/.gradle-temp/caches/journal-1/file-access.bin)
2026-04-05T21:49:08.285-0400 [DEBUG] [org.gradle.cache.internal.DefaultFileLockManager] Releasing lock on journal cache (/home/cs_apond003/cs350/lab4-documentation-AmberBP1/.gradle-temp/caches/journal-1).
2026-04-05T21:49:08.287-0400 [DEBUG] [org.gradle.cache.internal.LockOnDemandCrossProcessCacheAccess] Releasing file lock for file hash cache (/home/cs_apond003/cs350/lab4-documentation-AmberBP1/.gradle-temp/caches/8.10/fileHashes)
2026-04-05T21:49:08.287-0400 [DEBUG] [org.gradle.cache.internal.btree.BTreePersistentIndexedCache] Closing cache fileHashes.bin (/home/cs_apond003/cs350/lab4-documentation-AmberBP1/.gradle-temp/caches/8.10/fileHashes/fileHashes.bin)
2026-04-05T21:49:08.288-0400 [DEBUG] [org.gradle.cache.internal.btree.BTreePersistentIndexedCache] Closing cache resourceHashesCache.bin (/home/cs_apond003/cs350/lab4-documentation-AmberBP1/.gradle-temp/caches/8.10/fileHashes/resourceHashesCache.bin)
2026-04-05T21:49:08.289-0400 [DEBUG] [org.gradle.cache.internal.DefaultFileLockManager] Releasing lock on file hash cache (/home/cs_apond003/cs350/lab4-documentation-AmberBP1/.gradle-temp/caches/8.10/fileHashes).
2026-04-05T21:49:08.292-0400 [DEBUG] [org.gradle.internal.operations.DefaultBuildOperationRunner] Build operation 'Deleting unused version-specific caches in /home/cs_apond003/cs350/lab4-documentation-AmberBP1/.gradle-temp/caches' started
2026-04-05T21:49:08.293-0400 [DEBUG] [org.gradle.internal.operations.DefaultBuildOperationRunner] Completing Build operation 'Deleting unused version-specific caches in /home/cs_apond003/cs350/lab4-documentation-AmberBP1/.gradle-temp/caches'
2026-04-05T21:49:08.293-0400 [DEBUG] [org.gradle.internal.operations.DefaultBuildOperationRunner] Build operation 'Deleting unused version-specific caches in /home/cs_apond003/cs350/lab4-documentation-AmberBP1/.gradle-temp/caches' completed
2026-04-05T21:49:08.294-0400 [DEBUG] [org.gradle.launcher.daemon.server.Daemon] stop() called on daemon
2026-04-05T21:49:08.294-0400 [INFO] [org.gradle.launcher.daemon.server.Daemon] Stop requested. Daemon is removing its presence from the registry...
2026-04-05T21:49:08.295-0400 [DEBUG] [org.gradle.launcher.daemon.server.DaemonRegistryUpdater] Removing our presence to clients, eg. removing this address from the registry: [f6d8abe6-59a7-4a11-903e-ec5ac6d836a2 port:39075, addresses:[localhost/127.0.0.1]]
2026-04-05T21:49:08.295-0400 [DEBUG] [org.gradle.launcher.daemon.registry.PersistentDaemonRegistry] Removing daemon address: [f6d8abe6-59a7-4a11-903e-ec5ac6d836a2 port:39075, addresses:[localhost/127.0.0.1]]
2026-04-05T21:49:08.296-0400 [DEBUG] [org.gradle.cache.internal.DefaultFileLockManager] Waiting to acquire exclusive lock on daemon addresses registry.
2026-04-05T21:49:08.299-0400 [DEBUG] [org.gradle.cache.internal.DefaultFileLockManager] Lock acquired on daemon addresses registry.
2026-04-05T21:49:08.302-0400 [DEBUG] [org.gradle.cache.internal.DefaultFileLockManager] Releasing lock on daemon addresses registry.
2026-04-05T21:49:08.304-0400 [DEBUG] [org.gradle.launcher.daemon.server.DaemonRegistryUpdater] Address removed from registry.
2026-04-05T21:49:08.308-0400 [DEBUG] [org.gradle.cache.internal.locklistener.DefaultFileLockContentionHandler] File lock listener thread completed.
2026-04-05T21:49:08.313-0400 [DEBUG] [java.lang.Runtime] Runtime.exit() called with status: 0
java.lang.Throwable: Runtime.exit(0)
	at java.base/java.lang.Shutdown.logRuntimeExit(Shutdown.java:179)
	at java.base/java.lang.Shutdown.exit(Shutdown.java:160)
	at java.base/java.lang.Runtime.exit(Runtime.java:188)
	at java.base/java.lang.System.exit(System.java:1920)
	at org.gradle.launcher.bootstrap.ProcessCompleter.complete(ProcessCompleter.java:21)
	at org.gradle.launcher.bootstrap.EntryPoint.run(EntryPoint.java:61)
	at java.base/jdk.internal.reflect.DirectMethodHandleAccessor.invoke(DirectMethodHandleAccessor.java:103)
	at java.base/java.lang.reflect.Method.invoke(Method.java:580)
	at org.gradle.launcher.bootstrap.ProcessBootstrap.runNoExit(ProcessBootstrap.java:72)
	at org.gradle.launcher.bootstrap.ProcessBootstrap.run(ProcessBootstrap.java:39)
	at org.gradle.launcher.daemon.bootstrap.GradleDaemon.main(GradleDaemon.java:22)
2026-04-05T21:49:08.316-0400 [DEBUG] [org.gradle.launcher.daemon.registry.PersistentDaemonRegistry] Removing daemon address: [f6d8abe6-59a7-4a11-903e-ec5ac6d836a2 port:39075, addresses:[localhost/127.0.0.1]]
Daemon vm is shutting down... The daemon has exited normally or was terminated in response to a user interrupt.
2026-04-05T21:49:08.317-0400 [DEBUG] [org.gradle.launcher.daemon.server.Daemon] VM shutdown hook was unable to remove the daemon address from the registry. It will be cleaned up later.
java.lang.IllegalStateException: Cannot start managing file contention because this handler has been closed.
	at org.gradle.cache.internal.locklistener.DefaultFileLockContentionHandler.assertNotStopped(DefaultFileLockContentionHandler.java:217)
	at org.gradle.cache.internal.locklistener.DefaultFileLockContentionHandler.getCommunicator(DefaultFileLockContentionHandler.java:260)
	at org.gradle.cache.internal.locklistener.DefaultFileLockContentionHandler.reservePort(DefaultFileLockContentionHandler.java:254)
	at org.gradle.cache.internal.DefaultFileLockManager.lock(DefaultFileLockManager.java:124)
	at org.gradle.cache.internal.DefaultFileLockManager.lock(DefaultFileLockManager.java:106)
	at org.gradle.cache.internal.DefaultFileLockManager.lock(DefaultFileLockManager.java:101)
	at org.gradle.cache.internal.OnDemandFileAccess.updateFile(OnDemandFileAccess.java:51)
	at org.gradle.cache.internal.FileBackedObjectHolder.update(FileBackedObjectHolder.java:77)
	at org.gradle.cache.internal.FileIntegrityViolationSuppressingObjectHolderDecorator.lambda$update$0(FileIntegrityViolationSuppressingObjectHolderDecorator.java:48)
	at org.gradle.cache.internal.FileIntegrityViolationSuppressingObjectHolderDecorator.doUpdate(FileIntegrityViolationSuppressingObjectHolderDecorator.java:58)
	at org.gradle.cache.internal.FileIntegrityViolationSuppressingObjectHolderDecorator.update(FileIntegrityViolationSuppressingObjectHolderDecorator.java:48)
	at org.gradle.launcher.daemon.registry.PersistentDaemonRegistry.remove(PersistentDaemonRegistry.java:133)
	at org.gradle.launcher.daemon.server.Daemon$1.run(Daemon.java:133)
	at java.base/java.lang.Thread.run(Thread.java:1583)
